<?xml version="1.0" encoding="UTF-8"?>
<testng-results ignored="0" total="1" passed="1" failed="0" skipped="0">
  <reporter-output>
  </reporter-output>
  <suite started-at="2026-02-19T23:08:54 IST" name="Surefire suite" finished-at="2026-02-19T23:09:31 IST" duration-ms="36945">
    <groups>
    </groups>
    <test started-at="2026-02-19T23:08:54 IST" name="Surefire test" finished-at="2026-02-19T23:09:31 IST" duration-ms="36945">
      <class name="tests.HRMTest">
        <test-method signature="runTest()[pri:0, instance:tests.HRMTest@1e9e725a]" started-at="2026-02-19T23:08:54 IST" name="runTest" finished-at="2026-02-19T23:09:31 IST" duration-ms="36877" status="PASS">
          <reporter-output>
          </reporter-output>
        </test-method> <!-- runTest -->
      </class> <!-- tests.HRMTest -->
    </test> <!-- Surefire test -->
  </suite> <!-- Surefire suite -->
</testng-results>
